2026-03-24 19:33:03.122 CET [23416] DZIENNIK:  starting PostgreSQL 18.3 on x86_64-windows, compiled by msvc-19.44.35222, 64-bit
2026-03-24 19:33:03.125 CET [23416] DZIENNIK:  listening on IPv6 address "::1", port 5432
2026-03-24 19:33:03.126 CET [23416] DZIENNIK:  listening on IPv4 address "127.0.0.1", port 5432
2026-03-24 19:33:03.195 CET [21640] DZIENNIK:  system bazy danych zosta≥ zamkniÍty 2026-03-24 19:32:53 CET
2026-03-24 19:33:03.204 CET [23416] DZIENNIK:  system bazy danych jest gotowy do przyjmowania po≥ĻczeŮ
2026-03-24 19:35:23.045 CET [27792] DZIENNIK:  nie moŇľna otrzymańá danych od klienta: unrecognized winsock error 10054
2026-03-24 19:38:03.188 CET [19760] DZIENNIK:  checkpoint starting: time
2026-03-24 19:40:03.637 CET [19760] DZIENNIK:  checkpoint complete: wrote 1103 buffers (6.7%), wrote 3 SLRU buffers; 1 WAL file(s) added, 0 removed, 0 recycled; write=119.754 s, sync=0.641 s, total=120.450 s; sync files=369, longest=0.009 s, average=0.002 s; distance=5383 kB, estimate=5383 kB; lsn=0/1D335D0, redo lsn=0/1D33540
2026-03-24 19:58:03.612 CET [19760] DZIENNIK:  checkpoint starting: time
2026-03-24 19:58:03.774 CET [19760] DZIENNIK:  checkpoint complete: wrote 1 buffers (0.0%), wrote 0 SLRU buffers; 0 WAL file(s) added, 0 removed, 0 recycled; write=0.118 s, sync=0.016 s, total=0.163 s; sync files=1, longest=0.016 s, average=0.016 s; distance=0 kB, estimate=4845 kB; lsn=0/1D337A0, redo lsn=0/1D33748
2026-03-24 20:03:03.763 CET [19760] DZIENNIK:  checkpoint starting: time
2026-03-24 20:03:04.336 CET [19760] DZIENNIK:  checkpoint complete: wrote 5 buffers (0.0%), wrote 1 SLRU buffers; 0 WAL file(s) added, 0 removed, 0 recycled; write=0.539 s, sync=0.016 s, total=0.574 s; sync files=6, longest=0.004 s, average=0.003 s; distance=1 kB, estimate=4361 kB; lsn=0/1D33F40, redo lsn=0/1D33EE8
2026-03-24 20:06:34.149 CET [11312] DZIENNIK:  nie moŇľna otrzymańá danych od klienta: unrecognized winsock error 10054
2026-03-24 20:08:03.329 CET [19760] DZIENNIK:  checkpoint starting: time
2026-03-24 20:08:03.489 CET [19760] DZIENNIK:  checkpoint complete: wrote 1 buffers (0.0%), wrote 1 SLRU buffers; 0 WAL file(s) added, 0 removed, 0 recycled; write=0.115 s, sync=0.010 s, total=0.160 s; sync files=2, longest=0.007 s, average=0.005 s; distance=1 kB, estimate=3925 kB; lsn=0/1D343F8, redo lsn=0/1D343A0
2026-03-24 20:10:47.389 CET [23932] DZIENNIK:  nie moŇľna otrzymańá danych od klienta: unrecognized winsock error 10054
2026-03-24 20:10:47.389 CET [20248] DZIENNIK:  nie moŇľna otrzymańá danych od klienta: unrecognized winsock error 10054
2026-03-24 20:33:03.481 CET [19760] DZIENNIK:  checkpoint starting: time
2026-03-24 20:33:03.727 CET [19760] DZIENNIK:  checkpoint complete: wrote 2 buffers (0.0%), wrote 1 SLRU buffers; 0 WAL file(s) added, 0 removed, 0 recycled; write=0.220 s, sync=0.010 s, total=0.246 s; sync files=3, longest=0.005 s, average=0.004 s; distance=1 kB, estimate=3532 kB; lsn=0/1D34AF0, redo lsn=0/1D34A98
2026-03-24 20:43:03.729 CET [19760] DZIENNIK:  checkpoint starting: time
2026-03-24 20:43:03.864 CET [19760] DZIENNIK:  checkpoint complete: wrote 1 buffers (0.0%), wrote 1 SLRU buffers; 0 WAL file(s) added, 0 removed, 0 recycled; write=0.107 s, sync=0.010 s, total=0.136 s; sync files=2, longest=0.006 s, average=0.005 s; distance=1 kB, estimate=3179 kB; lsn=0/1D35250, redo lsn=0/1D351F8
2026-03-24 20:48:03.866 CET [19760] DZIENNIK:  checkpoint starting: time
2026-03-24 20:48:04.006 CET [19760] DZIENNIK:  checkpoint complete: wrote 1 buffers (0.0%), wrote 1 SLRU buffers; 0 WAL file(s) added, 0 removed, 0 recycled; write=0.109 s, sync=0.011 s, total=0.141 s; sync files=2, longest=0.008 s, average=0.006 s; distance=2 kB, estimate=2862 kB; lsn=0/1D35CE0, redo lsn=0/1D35C88
2026-03-24 20:58:03.009 CET [19760] DZIENNIK:  checkpoint starting: time
2026-03-24 20:58:03.196 CET [19760] DZIENNIK:  checkpoint complete: wrote 1 buffers (0.0%), wrote 1 SLRU buffers; 0 WAL file(s) added, 0 removed, 0 recycled; write=0.105 s, sync=0.026 s, total=0.188 s; sync files=2, longest=0.023 s, average=0.013 s; distance=2 kB, estimate=2576 kB; lsn=0/1D368A0, redo lsn=0/1D36848
2026-03-25 14:26:01.707 CET [19760] DZIENNIK:  checkpoint starting: time
2026-03-25 14:26:01.822 CET [19760] DZIENNIK:  checkpoint complete: wrote 1 buffers (0.0%), wrote 1 SLRU buffers; 0 WAL file(s) added, 0 removed, 0 recycled; write=0.105 s, sync=0.004 s, total=0.115 s; sync files=2, longest=0.003 s, average=0.002 s; distance=3 kB, estimate=2318 kB; lsn=0/1D37520, redo lsn=0/1D374C8
2026-03-25 14:32:56.226 CET [7456] DZIENNIK:  nie moŇľna otrzymańá danych od klienta: unrecognized winsock error 10054
2026-03-25 14:41:01.707 CET [19760] DZIENNIK:  checkpoint starting: time
2026-03-25 14:41:02.808 CET [19760] DZIENNIK:  checkpoint complete: wrote 10 buffers (0.1%), wrote 1 SLRU buffers; 0 WAL file(s) added, 0 removed, 0 recycled; write=1.083 s, sync=0.010 s, total=1.101 s; sync files=9, longest=0.004 s, average=0.002 s; distance=38 kB, estimate=2090 kB; lsn=0/1D40FE0, redo lsn=0/1D40F50
2026-03-25 14:46:01.775 CET [19760] DZIENNIK:  checkpoint starting: time
2026-03-25 14:46:02.563 CET [19760] DZIENNIK:  checkpoint complete: wrote 7 buffers (0.0%), wrote 1 SLRU buffers; 0 WAL file(s) added, 0 removed, 0 recycled; write=0.773 s, sync=0.009 s, total=0.788 s; sync files=8, longest=0.003 s, average=0.002 s; distance=11 kB, estimate=1882 kB; lsn=0/1D43C90, redo lsn=0/1D43C38
2026-03-25 15:01:01.480 CET [19760] DZIENNIK:  checkpoint starting: time
2026-03-25 15:01:02.695 CET [19760] DZIENNIK:  checkpoint complete: wrote 11 buffers (0.1%), wrote 1 SLRU buffers; 0 WAL file(s) added, 0 removed, 0 recycled; write=1.203 s, sync=0.007 s, total=1.216 s; sync files=9, longest=0.003 s, average=0.001 s; distance=54 kB, estimate=1699 kB; lsn=0/1D514F8, redo lsn=0/1D514A0
2026-03-25 15:09:09.480 CET [38392] BŇĀńĄD:  kolumna businesses.sheet_last_synced_at nie istnieje przy znaku 187
2026-03-25 15:09:09.480 CET [38392] WYRAŇĽENIE:  SELECT businesses.owner_user_id, businesses.name, businesses.sheet_id, businesses.sheet_verified, businesses.sheet_tab_name, businesses.sheet_column_mapping, businesses.enabled_modules, businesses.sheet_last_synced_at, businesses.id, businesses.created_at 
	FROM businesses JOIN business_members ON business_members.business_id = businesses.id 
	WHERE business_members.user_id = $1::UUID ORDER BY businesses.created_at ASC
2026-03-25 15:09:09.482 CET [62952] BŇĀńĄD:  kolumna businesses.sheet_last_synced_at nie istnieje przy znaku 187
2026-03-25 15:09:09.482 CET [62952] WYRAŇĽENIE:  SELECT businesses.owner_user_id, businesses.name, businesses.sheet_id, businesses.sheet_verified, businesses.sheet_tab_name, businesses.sheet_column_mapping, businesses.enabled_modules, businesses.sheet_last_synced_at, businesses.id, businesses.created_at 
	FROM businesses JOIN business_members ON business_members.business_id = businesses.id 
	WHERE business_members.user_id = $1::UUID ORDER BY businesses.created_at ASC
2026-03-25 15:09:09.482 CET [62028] BŇĀńĄD:  kolumna businesses.sheet_last_synced_at nie istnieje przy znaku 187
2026-03-25 15:09:09.482 CET [62028] WYRAŇĽENIE:  SELECT businesses.owner_user_id, businesses.name, businesses.sheet_id, businesses.sheet_verified, businesses.sheet_tab_name, businesses.sheet_column_mapping, businesses.enabled_modules, businesses.sheet_last_synced_at, businesses.id, businesses.created_at 
	FROM businesses JOIN business_members ON business_members.business_id = businesses.id 
	WHERE business_members.user_id = $1::UUID ORDER BY businesses.created_at ASC
2026-03-25 15:09:14.951 CET [62952] BŇĀńĄD:  kolumna businesses.sheet_last_synced_at nie istnieje przy znaku 187
2026-03-25 15:09:14.951 CET [62952] WYRAŇĽENIE:  SELECT businesses.owner_user_id, businesses.name, businesses.sheet_id, businesses.sheet_verified, businesses.sheet_tab_name, businesses.sheet_column_mapping, businesses.enabled_modules, businesses.sheet_last_synced_at, businesses.id, businesses.created_at 
	FROM businesses JOIN business_members ON business_members.business_id = businesses.id 
	WHERE business_members.user_id = $1::UUID ORDER BY businesses.created_at ASC
2026-03-25 15:09:14.962 CET [38392] BŇĀńĄD:  kolumna businesses.sheet_last_synced_at nie istnieje przy znaku 187
2026-03-25 15:09:14.962 CET [38392] WYRAŇĽENIE:  SELECT businesses.owner_user_id, businesses.name, businesses.sheet_id, businesses.sheet_verified, businesses.sheet_tab_name, businesses.sheet_column_mapping, businesses.enabled_modules, businesses.sheet_last_synced_at, businesses.id, businesses.created_at 
	FROM businesses JOIN business_members ON business_members.business_id = businesses.id 
	WHERE business_members.user_id = $1::UUID ORDER BY businesses.created_at ASC
2026-03-25 15:09:19.233 CET [62952] DZIENNIK:  nie moŇľna otrzymańá danych od klienta: unrecognized winsock error 10054
2026-03-25 15:09:19.233 CET [62028] DZIENNIK:  nie moŇľna otrzymańá danych od klienta: unrecognized winsock error 10054
2026-03-25 15:09:19.234 CET [38392] DZIENNIK:  nie moŇľna otrzymańá danych od klienta: unrecognized winsock error 10054
2026-03-25 15:16:01.640 CET [19760] DZIENNIK:  checkpoint starting: time
2026-03-25 15:16:04.365 CET [19760] DZIENNIK:  checkpoint complete: wrote 25 buffers (0.2%), wrote 1 SLRU buffers; 0 WAL file(s) added, 0 removed, 0 recycled; write=2.708 s, sync=0.011 s, total=2.726 s; sync files=18, longest=0.003 s, average=0.001 s; distance=130 kB, estimate=1542 kB; lsn=0/1D71D68, redo lsn=0/1D71CD8
2026-03-25 15:41:01.317 CET [19760] DZIENNIK:  checkpoint starting: time
2026-03-25 15:41:01.975 CET [19760] DZIENNIK:  checkpoint complete: wrote 6 buffers (0.0%), wrote 1 SLRU buffers; 0 WAL file(s) added, 0 removed, 0 recycled; write=0.644 s, sync=0.008 s, total=0.659 s; sync files=7, longest=0.004 s, average=0.002 s; distance=8 kB, estimate=1389 kB; lsn=0/1D73EC8, redo lsn=0/1D73E70
2026-03-25 15:56:01.961 CET [19760] DZIENNIK:  checkpoint starting: time
2026-03-25 15:56:02.638 CET [19760] DZIENNIK:  checkpoint complete: wrote 6 buffers (0.0%), wrote 1 SLRU buffers; 0 WAL file(s) added, 0 removed, 0 recycled; write=0.649 s, sync=0.009 s, total=0.677 s; sync files=7, longest=0.003 s, average=0.002 s; distance=8 kB, estimate=1251 kB; lsn=0/1D761E0, redo lsn=0/1D76188
2026-03-25 16:06:01.633 CET [19760] DZIENNIK:  checkpoint starting: time
2026-03-25 16:06:01.768 CET [19760] DZIENNIK:  checkpoint complete: wrote 1 buffers (0.0%), wrote 1 SLRU buffers; 0 WAL file(s) added, 0 removed, 0 recycled; write=0.112 s, sync=0.007 s, total=0.135 s; sync files=2, longest=0.006 s, average=0.004 s; distance=4 kB, estimate=1126 kB; lsn=0/1D77360, redo lsn=0/1D77308
2026-03-25 16:21:01.768 CET [19760] DZIENNIK:  checkpoint starting: time
2026-03-25 16:21:04.399 CET [19760] DZIENNIK:  checkpoint complete: wrote 24 buffers (0.1%), wrote 1 SLRU buffers; 0 WAL file(s) added, 0 removed, 0 recycled; write=2.606 s, sync=0.017 s, total=2.632 s; sync files=21, longest=0.003 s, average=0.001 s; distance=140 kB, estimate=1028 kB; lsn=0/1D9A678, redo lsn=0/1D9A620
2026-03-25 16:36:01.417 CET [19760] DZIENNIK:  checkpoint starting: time
2026-03-25 16:36:01.858 CET [19760] DZIENNIK:  checkpoint complete: wrote 4 buffers (0.0%), wrote 1 SLRU buffers; 0 WAL file(s) added, 0 removed, 0 recycled; write=0.430 s, sync=0.004 s, total=0.441 s; sync files=2, longest=0.003 s, average=0.002 s; distance=23 kB, estimate=927 kB; lsn=0/1DA04E8, redo lsn=0/1DA0490
2026-03-25 16:41:01.868 CET [19760] DZIENNIK:  checkpoint starting: time
2026-03-25 16:41:02.000 CET [19760] DZIENNIK:  checkpoint complete: wrote 1 buffers (0.0%), wrote 1 SLRU buffers; 0 WAL file(s) added, 0 removed, 0 recycled; write=0.114 s, sync=0.005 s, total=0.132 s; sync files=2, longest=0.004 s, average=0.003 s; distance=5 kB, estimate=835 kB; lsn=0/1DA1B18, redo lsn=0/1DA1AC0
2026-03-25 16:46:02.004 CET [19760] DZIENNIK:  checkpoint starting: time
2026-03-25 16:46:02.219 CET [19760] DZIENNIK:  checkpoint complete: wrote 2 buffers (0.0%), wrote 1 SLRU buffers; 0 WAL file(s) added, 0 removed, 0 recycled; write=0.198 s, sync=0.008 s, total=0.215 s; sync files=3, longest=0.005 s, average=0.003 s; distance=7 kB, estimate=752 kB; lsn=0/1DA39D0, redo lsn=0/1DA3978
2026-03-25 16:51:02.220 CET [19760] DZIENNIK:  checkpoint starting: time
2026-03-25 16:51:02.792 CET [19760] DZIENNIK:  checkpoint complete: wrote 5 buffers (0.0%), wrote 1 SLRU buffers; 0 WAL file(s) added, 0 removed, 0 recycled; write=0.551 s, sync=0.010 s, total=0.572 s; sync files=3, longest=0.005 s, average=0.004 s; distance=19 kB, estimate=679 kB; lsn=0/1DA8990, redo lsn=0/1DA8938
2026-03-25 16:56:02.791 CET [19760] DZIENNIK:  checkpoint starting: time
2026-03-25 16:56:02.921 CET [19760] DZIENNIK:  checkpoint complete: wrote 1 buffers (0.0%), wrote 1 SLRU buffers; 0 WAL file(s) added, 0 removed, 0 recycled; write=0.114 s, sync=0.003 s, total=0.130 s; sync files=2, longest=0.003 s, average=0.002 s; distance=7 kB, estimate=612 kB; lsn=0/1DAA7C8, redo lsn=0/1DAA770
2026-03-25 17:01:02.918 CET [19760] DZIENNIK:  checkpoint starting: time
2026-03-25 17:01:03.161 CET [19760] DZIENNIK:  checkpoint complete: wrote 2 buffers (0.0%), wrote 1 SLRU buffers; 0 WAL file(s) added, 0 removed, 0 recycled; write=0.215 s, sync=0.008 s, total=0.244 s; sync files=2, longest=0.005 s, average=0.004 s; distance=10 kB, estimate=552 kB; lsn=0/1DAD098, redo lsn=0/1DAD040
2026-03-25 17:06:02.159 CET [19760] DZIENNIK:  checkpoint starting: time
2026-03-25 17:06:02.317 CET [19760] DZIENNIK:  checkpoint complete: wrote 1 buffers (0.0%), wrote 1 SLRU buffers; 0 WAL file(s) added, 0 removed, 0 recycled; write=0.108 s, sync=0.010 s, total=0.159 s; sync files=2, longest=0.007 s, average=0.005 s; distance=8 kB, estimate=497 kB; lsn=0/1DAF0D8, redo lsn=0/1DAF080
2026-03-25 17:26:02.331 CET [19760] DZIENNIK:  checkpoint starting: time
2026-03-25 17:26:02.446 CET [19760] DZIENNIK:  checkpoint complete: wrote 1 buffers (0.0%), wrote 1 SLRU buffers; 0 WAL file(s) added, 0 removed, 0 recycled; write=0.105 s, sync=0.004 s, total=0.115 s; sync files=2, longest=0.003 s, average=0.002 s; distance=1 kB, estimate=447 kB; lsn=0/1DAF570, redo lsn=0/1DAF518
2026-03-25 17:41:02.468 CET [19760] DZIENNIK:  checkpoint starting: time
2026-03-25 17:41:02.692 CET [19760] DZIENNIK:  checkpoint complete: wrote 2 buffers (0.0%), wrote 1 SLRU buffers; 0 WAL file(s) added, 0 removed, 0 recycled; write=0.215 s, sync=0.004 s, total=0.224 s; sync files=2, longest=0.003 s, average=0.002 s; distance=3 kB, estimate=403 kB; lsn=0/1DB04E8, redo lsn=0/1DB0490
2026-03-25 18:01:02.746 CET [19760] DZIENNIK:  checkpoint starting: time
2026-03-25 18:01:05.390 CET [19760] DZIENNIK:  checkpoint complete: wrote 24 buffers (0.1%), wrote 1 SLRU buffers; 0 WAL file(s) added, 0 removed, 0 recycled; write=2.620 s, sync=0.016 s, total=2.644 s; sync files=22, longest=0.003 s, average=0.001 s; distance=105 kB, estimate=373 kB; lsn=0/1DCACC0, redo lsn=0/1DCAC68
2026-03-25 18:06:02.392 CET [19760] DZIENNIK:  checkpoint starting: time
2026-03-25 18:06:03.703 CET [19760] DZIENNIK:  checkpoint complete: wrote 12 buffers (0.1%), wrote 1 SLRU buffers; 0 WAL file(s) added, 0 removed, 0 recycled; write=1.296 s, sync=0.009 s, total=1.312 s; sync files=10, longest=0.004 s, average=0.001 s; distance=15 kB, estimate=337 kB; lsn=0/1DCEB88, redo lsn=0/1DCEB30
2026-03-25 18:11:02.713 CET [19760] DZIENNIK:  checkpoint starting: time
2026-03-25 18:11:03.501 CET [19760] DZIENNIK:  checkpoint complete: wrote 7 buffers (0.0%), wrote 1 SLRU buffers; 0 WAL file(s) added, 0 removed, 0 recycled; write=0.774 s, sync=0.008 s, total=0.789 s; sync files=8, longest=0.003 s, average=0.001 s; distance=4 kB, estimate=304 kB; lsn=0/1DCFE68, redo lsn=0/1DCFE10
2026-03-25 18:16:02.501 CET [19760] DZIENNIK:  checkpoint starting: time
2026-03-25 18:16:06.096 CET [19760] DZIENNIK:  checkpoint complete: wrote 33 buffers (0.2%), wrote 1 SLRU buffers; 0 WAL file(s) added, 0 removed, 0 recycled; write=3.569 s, sync=0.019 s, total=3.596 s; sync files=29, longest=0.003 s, average=0.001 s; distance=152 kB, estimate=289 kB; lsn=0/1DF5F38, redo lsn=0/1DF5EE0
2026-03-25 18:21:02.107 CET [19760] DZIENNIK:  checkpoint starting: time
2026-03-25 18:21:02.566 CET [19760] DZIENNIK:  checkpoint complete: wrote 4 buffers (0.0%), wrote 0 SLRU buffers; 0 WAL file(s) added, 0 removed, 0 recycled; write=0.444 s, sync=0.005 s, total=0.460 s; sync files=3, longest=0.004 s, average=0.002 s; distance=28 kB, estimate=263 kB; lsn=0/1DFD068, redo lsn=0/1DFD010
2026-03-25 18:26:02.580 CET [19760] DZIENNIK:  checkpoint starting: time
2026-03-25 18:26:02.810 CET [19760] DZIENNIK:  checkpoint complete: wrote 2 buffers (0.0%), wrote 1 SLRU buffers; 0 WAL file(s) added, 0 removed, 0 recycled; write=0.211 s, sync=0.008 s, total=0.230 s; sync files=3, longest=0.004 s, average=0.003 s; distance=2 kB, estimate=237 kB; lsn=0/1DFDA48, redo lsn=0/1DFD9F0
2026-03-25 18:31:02.824 CET [19760] DZIENNIK:  checkpoint starting: time
2026-03-25 18:31:03.728 CET [19760] DZIENNIK:  checkpoint complete: wrote 8 buffers (0.0%), wrote 1 SLRU buffers; 0 WAL file(s) added, 0 removed, 0 recycled; write=0.871 s, sync=0.018 s, total=0.904 s; sync files=9, longest=0.005 s, average=0.002 s; distance=29 kB, estimate=216 kB; lsn=0/1E04F28, redo lsn=0/1E04ED0
2026-03-25 18:36:02.730 CET [19760] DZIENNIK:  checkpoint starting: time
2026-03-25 18:36:03.519 CET [19760] DZIENNIK:  checkpoint complete: wrote 7 buffers (0.0%), wrote 1 SLRU buffers; 0 WAL file(s) added, 0 removed, 0 recycled; write=0.753 s, sync=0.028 s, total=0.789 s; sync files=6, longest=0.020 s, average=0.005 s; distance=3 kB, estimate=195 kB; lsn=0/1E05CA0, redo lsn=0/1E05C48
2026-03-25 18:41:02.530 CET [19760] DZIENNIK:  checkpoint starting: time
2026-03-25 18:41:03.639 CET [19760] DZIENNIK:  checkpoint complete: wrote 10 buffers (0.1%), wrote 1 SLRU buffers; 0 WAL file(s) added, 0 removed, 0 recycled; write=1.084 s, sync=0.018 s, total=1.109 s; sync files=11, longest=0.007 s, average=0.002 s; distance=6 kB, estimate=176 kB; lsn=0/1E077D0, redo lsn=0/1E07778
2026-03-25 18:46:02.654 CET [19760] DZIENNIK:  checkpoint starting: time
2026-03-25 18:46:02.769 CET [19760] DZIENNIK:  checkpoint complete: wrote 1 buffers (0.0%), wrote 1 SLRU buffers; 0 WAL file(s) added, 0 removed, 0 recycled; write=0.106 s, sync=0.003 s, total=0.116 s; sync files=2, longest=0.003 s, average=0.002 s; distance=1 kB, estimate=158 kB; lsn=0/1E07F58, redo lsn=0/1E07F00
2026-03-25 19:01:02.872 CET [19760] DZIENNIK:  checkpoint starting: time
2026-03-25 19:01:03.552 CET [19760] DZIENNIK:  checkpoint complete: wrote 6 buffers (0.0%), wrote 1 SLRU buffers; 0 WAL file(s) added, 0 removed, 0 recycled; write=0.647 s, sync=0.011 s, total=0.681 s; sync files=7, longest=0.003 s, average=0.002 s; distance=4 kB, estimate=143 kB; lsn=0/1E09078, redo lsn=0/1E09020
2026-03-25 19:06:02.582 CET [19760] DZIENNIK:  checkpoint starting: time
2026-03-25 19:06:04.011 CET [19760] DZIENNIK:  checkpoint complete: wrote 13 buffers (0.1%), wrote 1 SLRU buffers; 0 WAL file(s) added, 0 removed, 0 recycled; write=1.408 s, sync=0.014 s, total=1.429 s; sync files=10, longest=0.004 s, average=0.002 s; distance=53 kB, estimate=134 kB; lsn=0/1E166B0, redo lsn=0/1E16620
2026-03-26 09:53:29.148 CET [55392] BŇĀńĄD:  kolumna business_members.position nie istnieje przy znaku 87
2026-03-26 09:53:29.148 CET [55392] WYRAŇĽENIE:  SELECT business_members.business_id, business_members.user_id, business_members.role, business_members.position, business_members.custom_permissions, business_members.id, business_members.created_at 
	FROM business_members 
	WHERE business_members.business_id = $1::UUID AND business_members.user_id = $2::UUID
2026-03-26 09:53:29.151 CET [62608] BŇĀńĄD:  kolumna business_members.position nie istnieje przy znaku 87
2026-03-26 09:53:29.151 CET [62608] WYRAŇĽENIE:  SELECT business_members.business_id, business_members.user_id, business_members.role, business_members.position, business_members.custom_permissions, business_members.id, business_members.created_at, users.telegram_id, users.username, users.first_name, users.last_name, users.language, users.is_platform_admin, users.id AS id_1, users.created_at AS created_at_1 
	FROM business_members JOIN users ON users.id = business_members.user_id 
	WHERE business_members.business_id = $1::UUID ORDER BY business_members.created_at ASC
2026-03-26 09:53:30.165 CET [55392] BŇĀńĄD:  kolumna business_members.position nie istnieje przy znaku 87
2026-03-26 09:53:30.165 CET [55392] WYRAŇĽENIE:  SELECT business_members.business_id, business_members.user_id, business_members.role, business_members.position, business_members.custom_permissions, business_members.id, business_members.created_at 
	FROM business_members 
	WHERE business_members.business_id = $1::UUID AND business_members.user_id = $2::UUID
2026-03-26 09:53:30.345 CET [62608] BŇĀńĄD:  kolumna business_members.position nie istnieje przy znaku 87
2026-03-26 09:53:30.345 CET [62608] WYRAŇĽENIE:  SELECT business_members.business_id, business_members.user_id, business_members.role, business_members.position, business_members.custom_permissions, business_members.id, business_members.created_at, users.telegram_id, users.username, users.first_name, users.last_name, users.language, users.is_platform_admin, users.id AS id_1, users.created_at AS created_at_1 
	FROM business_members JOIN users ON users.id = business_members.user_id 
	WHERE business_members.business_id = $1::UUID ORDER BY business_members.created_at ASC
2026-03-26 09:53:32.188 CET [55392] BŇĀńĄD:  kolumna business_members.position nie istnieje przy znaku 87
2026-03-26 09:53:32.188 CET [55392] WYRAŇĽENIE:  SELECT business_members.business_id, business_members.user_id, business_members.role, business_members.position, business_members.custom_permissions, business_members.id, business_members.created_at 
	FROM business_members 
	WHERE business_members.business_id = $1::UUID AND business_members.user_id = $2::UUID
2026-03-26 09:53:32.362 CET [62608] BŇĀńĄD:  kolumna business_members.position nie istnieje przy znaku 87
2026-03-26 09:53:32.362 CET [62608] WYRAŇĽENIE:  SELECT business_members.business_id, business_members.user_id, business_members.role, business_members.position, business_members.custom_permissions, business_members.id, business_members.created_at, users.telegram_id, users.username, users.first_name, users.last_name, users.language, users.is_platform_admin, users.id AS id_1, users.created_at AS created_at_1 
	FROM business_members JOIN users ON users.id = business_members.user_id 
	WHERE business_members.business_id = $1::UUID ORDER BY business_members.created_at ASC
2026-03-26 09:53:38.212 CET [34292] BŇĀńĄD:  kolumna business_members.position nie istnieje przy znaku 87
2026-03-26 09:53:38.212 CET [34292] WYRAŇĽENIE:  SELECT business_members.business_id, business_members.user_id, business_members.role, business_members.position, business_members.custom_permissions, business_members.id, business_members.created_at 
	FROM business_members 
	WHERE business_members.business_id = $1::UUID AND business_members.user_id = $2::UUID
2026-03-26 09:53:51.574 CET [34292] BŇĀńĄD:  kolumna business_members.position nie istnieje przy znaku 87
2026-03-26 09:53:51.574 CET [34292] WYRAŇĽENIE:  SELECT business_members.business_id, business_members.user_id, business_members.role, business_members.position, business_members.custom_permissions, business_members.id, business_members.created_at 
	FROM business_members 
	WHERE business_members.business_id = $1::UUID AND business_members.user_id = $2::UUID
2026-03-26 09:53:52.530 CET [40020] BŇĀńĄD:  kolumna business_members.position nie istnieje przy znaku 87
2026-03-26 09:53:52.530 CET [40020] WYRAŇĽENIE:  SELECT business_members.business_id, business_members.user_id, business_members.role, business_members.position, business_members.custom_permissions, business_members.id, business_members.created_at, users.telegram_id, users.username, users.first_name, users.last_name, users.language, users.is_platform_admin, users.id AS id_1, users.created_at AS created_at_1 
	FROM business_members JOIN users ON users.id = business_members.user_id 
	WHERE business_members.business_id = $1::UUID ORDER BY business_members.created_at ASC
2026-03-26 09:54:01.158 CET [54296] BŇĀńĄD:  kolumna business_members.position nie istnieje przy znaku 87
2026-03-26 09:54:01.158 CET [54296] WYRAŇĽENIE:  SELECT business_members.business_id, business_members.user_id, business_members.role, business_members.position, business_members.custom_permissions, business_members.id, business_members.created_at 
	FROM business_members 
	WHERE business_members.business_id = $1::UUID AND business_members.user_id = $2::UUID
2026-03-26 09:54:02.045 CET [54296] BŇĀńĄD:  kolumna business_members.position nie istnieje przy znaku 87
2026-03-26 09:54:02.045 CET [54296] WYRAŇĽENIE:  SELECT business_members.business_id, business_members.user_id, business_members.role, business_members.position, business_members.custom_permissions, business_members.id, business_members.created_at 
	FROM business_members 
	WHERE business_members.business_id = $1::UUID AND business_members.user_id = $2::UUID
2026-03-26 09:54:03.098 CET [54296] BŇĀńĄD:  kolumna business_members.position nie istnieje przy znaku 87
2026-03-26 09:54:03.098 CET [54296] WYRAŇĽENIE:  SELECT business_members.business_id, business_members.user_id, business_members.role, business_members.position, business_members.custom_permissions, business_members.id, business_members.created_at 
	FROM business_members 
	WHERE business_members.business_id = $1::UUID AND business_members.user_id = $2::UUID
2026-03-26 09:54:03.406 CET [38964] BŇĀńĄD:  kolumna business_members.position nie istnieje przy znaku 87
2026-03-26 09:54:03.406 CET [38964] WYRAŇĽENIE:  SELECT business_members.business_id, business_members.user_id, business_members.role, business_members.position, business_members.custom_permissions, business_members.id, business_members.created_at 
	FROM business_members 
	WHERE business_members.business_id = $1::UUID AND business_members.user_id = $2::UUID
2026-03-26 09:54:15.604 CET [41976] BŇĀńĄD:  kolumna business_members.position nie istnieje przy znaku 87
2026-03-26 09:54:15.604 CET [41976] WYRAŇĽENIE:  SELECT business_members.business_id, business_members.user_id, business_members.role, business_members.position, business_members.custom_permissions, business_members.id, business_members.created_at 
	FROM business_members 
	WHERE business_members.business_id = $1::UUID AND business_members.user_id = $2::UUID
2026-03-26 09:54:15.607 CET [38964] BŇĀńĄD:  kolumna business_members.position nie istnieje przy znaku 87
2026-03-26 09:54:15.607 CET [38964] WYRAŇĽENIE:  SELECT business_members.business_id, business_members.user_id, business_members.role, business_members.position, business_members.custom_permissions, business_members.id, business_members.created_at 
	FROM business_members 
	WHERE business_members.business_id = $1::UUID AND business_members.user_id = $2::UUID
2026-03-26 09:54:15.610 CET [54296] BŇĀńĄD:  kolumna business_members.position nie istnieje przy znaku 87
2026-03-26 09:54:15.610 CET [54296] WYRAŇĽENIE:  SELECT business_members.business_id, business_members.user_id, business_members.role, business_members.position, business_members.custom_permissions, business_members.id, business_members.created_at, users.telegram_id, users.username, users.first_name, users.last_name, users.language, users.is_platform_admin, users.id AS id_1, users.created_at AS created_at_1 
	FROM business_members JOIN users ON users.id = business_members.user_id 
	WHERE business_members.business_id = $1::UUID ORDER BY business_members.created_at ASC
2026-03-26 09:54:15.689 CET [2328] BŇĀńĄD:  kolumna business_members.position nie istnieje przy znaku 87
2026-03-26 09:54:15.689 CET [2328] WYRAŇĽENIE:  SELECT business_members.business_id, business_members.user_id, business_members.role, business_members.position, business_members.custom_permissions, business_members.id, business_members.created_at 
	FROM business_members 
	WHERE business_members.business_id = $1::UUID AND business_members.user_id = $2::UUID
2026-03-26 09:54:15.690 CET [13144] BŇĀńĄD:  kolumna business_members.position nie istnieje przy znaku 87
2026-03-26 09:54:15.690 CET [13144] WYRAŇĽENIE:  SELECT business_members.business_id, business_members.user_id, business_members.role, business_members.position, business_members.custom_permissions, business_members.id, business_members.created_at 
	FROM business_members 
	WHERE business_members.business_id = $1::UUID AND business_members.user_id = $2::UUID
2026-03-26 09:54:15.705 CET [41976] BŇĀńĄD:  kolumna business_members.position nie istnieje przy znaku 87
2026-03-26 09:54:15.705 CET [41976] WYRAŇĽENIE:  SELECT business_members.business_id, business_members.user_id, business_members.role, business_members.position, business_members.custom_permissions, business_members.id, business_members.created_at 
	FROM business_members 
	WHERE business_members.business_id = $1::UUID AND business_members.user_id = $2::UUID
2026-03-26 09:54:20.439 CET [54296] BŇĀńĄD:  kolumna business_members.position nie istnieje przy znaku 87
2026-03-26 09:54:20.439 CET [54296] WYRAŇĽENIE:  SELECT business_members.business_id, business_members.user_id, business_members.role, business_members.position, business_members.custom_permissions, business_members.id, business_members.created_at 
	FROM business_members 
	WHERE business_members.business_id = $1::UUID AND business_members.user_id = $2::UUID
2026-03-26 09:54:20.465 CET [2328] BŇĀńĄD:  kolumna business_members.position nie istnieje przy znaku 87
2026-03-26 09:54:20.465 CET [2328] WYRAŇĽENIE:  SELECT business_members.business_id, business_members.user_id, business_members.role, business_members.position, business_members.custom_permissions, business_members.id, business_members.created_at, users.telegram_id, users.username, users.first_name, users.last_name, users.language, users.is_platform_admin, users.id AS id_1, users.created_at AS created_at_1 
	FROM business_members JOIN users ON users.id = business_members.user_id 
	WHERE business_members.business_id = $1::UUID ORDER BY business_members.created_at ASC
2026-03-26 09:54:20.599 CET [41976] BŇĀńĄD:  kolumna business_members.position nie istnieje przy znaku 87
2026-03-26 09:54:20.599 CET [41976] WYRAŇĽENIE:  SELECT business_members.business_id, business_members.user_id, business_members.role, business_members.position, business_members.custom_permissions, business_members.id, business_members.created_at 
	FROM business_members 
	WHERE business_members.business_id = $1::UUID AND business_members.user_id = $2::UUID
2026-03-26 09:54:20.614 CET [38964] BŇĀńĄD:  kolumna business_members.position nie istnieje przy znaku 87
2026-03-26 09:54:20.614 CET [38964] WYRAŇĽENIE:  SELECT business_members.business_id, business_members.user_id, business_members.role, business_members.position, business_members.custom_permissions, business_members.id, business_members.created_at, users.telegram_id, users.username, users.first_name, users.last_name, users.language, users.is_platform_admin, users.id AS id_1, users.created_at AS created_at_1 
	FROM business_members JOIN users ON users.id = business_members.user_id 
	WHERE business_members.business_id = $1::UUID ORDER BY business_members.created_at ASC
2026-03-26 09:54:21.649 CET [54296] BŇĀńĄD:  kolumna business_members.position nie istnieje przy znaku 87
2026-03-26 09:54:21.649 CET [54296] WYRAŇĽENIE:  SELECT business_members.business_id, business_members.user_id, business_members.role, business_members.position, business_members.custom_permissions, business_members.id, business_members.created_at 
	FROM business_members 
	WHERE business_members.business_id = $1::UUID AND business_members.user_id = $2::UUID
2026-03-26 09:54:21.687 CET [2328] BŇĀńĄD:  kolumna business_members.position nie istnieje przy znaku 87
2026-03-26 09:54:21.687 CET [2328] WYRAŇĽENIE:  SELECT business_members.business_id, business_members.user_id, business_members.role, business_members.position, business_members.custom_permissions, business_members.id, business_members.created_at, users.telegram_id, users.username, users.first_name, users.last_name, users.language, users.is_platform_admin, users.id AS id_1, users.created_at AS created_at_1 
	FROM business_members JOIN users ON users.id = business_members.user_id 
	WHERE business_members.business_id = $1::UUID ORDER BY business_members.created_at ASC
2026-03-26 09:59:57.099 CET [19760] DZIENNIK:  checkpoint starting: time
2026-03-26 10:00:03.030 CET [19760] DZIENNIK:  checkpoint complete: wrote 55 buffers (0.3%), wrote 1 SLRU buffers; 0 WAL file(s) added, 0 removed, 0 recycled; write=5.881 s, sync=0.040 s, total=5.931 s; sync files=43, longest=0.004 s, average=0.001 s; distance=255 kB, estimate=255 kB; lsn=0/1E56408, redo lsn=0/1E563B0
2026-03-26 10:04:57.047 CET [19760] DZIENNIK:  checkpoint starting: time
2026-03-26 10:04:57.701 CET [19760] DZIENNIK:  checkpoint complete: wrote 6 buffers (0.0%), wrote 1 SLRU buffers; 0 WAL file(s) added, 0 removed, 0 recycled; write=0.639 s, sync=0.008 s, total=0.654 s; sync files=7, longest=0.003 s, average=0.002 s; distance=8 kB, estimate=230 kB; lsn=0/1E586E8, redo lsn=0/1E58690
2026-03-26 10:19:57.753 CET [19760] DZIENNIK:  checkpoint starting: time
2026-03-26 10:19:58.691 CET [19760] DZIENNIK:  checkpoint complete: wrote 7 buffers (0.0%), wrote 1 SLRU buffers; 0 WAL file(s) added, 0 removed, 0 recycled; write=0.845 s, sync=0.015 s, total=0.940 s; sync files=8, longest=0.004 s, average=0.002 s; distance=6 kB, estimate=208 kB; lsn=0/1E59F08, redo lsn=0/1E59EB0
2026-03-26 11:39:57.807 CET [19760] DZIENNIK:  checkpoint starting: time
2026-03-26 11:39:57.932 CET [19760] DZIENNIK:  checkpoint complete: wrote 1 buffers (0.0%), wrote 1 SLRU buffers; 0 WAL file(s) added, 0 removed, 0 recycled; write=0.107 s, sync=0.008 s, total=0.127 s; sync files=2, longest=0.005 s, average=0.004 s; distance=1 kB, estimate=187 kB; lsn=0/1E5A560, redo lsn=0/1E5A508
2026-03-26 11:44:57.936 CET [19760] DZIENNIK:  checkpoint starting: time
2026-03-26 11:44:58.611 CET [19760] DZIENNIK:  checkpoint complete: wrote 6 buffers (0.0%), wrote 1 SLRU buffers; 0 WAL file(s) added, 0 removed, 0 recycled; write=0.647 s, sync=0.018 s, total=0.675 s; sync files=7, longest=0.005 s, average=0.003 s; distance=5 kB, estimate=169 kB; lsn=0/1E5B978, redo lsn=0/1E5B920
2026-03-26 11:54:57.621 CET [19760] DZIENNIK:  checkpoint starting: time
2026-03-26 11:55:05.024 CET [19760] DZIENNIK:  checkpoint complete: wrote 68 buffers (0.4%), wrote 1 SLRU buffers; 0 WAL file(s) added, 0 removed, 0 recycled; write=7.270 s, sync=0.099 s, total=7.404 s; sync files=47, longest=0.007 s, average=0.003 s; distance=407 kB, estimate=407 kB; lsn=0/1EC1750, redo lsn=0/1EC16F8
2026-03-26 12:24:57.076 CET [19760] DZIENNIK:  checkpoint starting: time
2026-03-26 12:24:57.199 CET [19760] DZIENNIK:  checkpoint complete: wrote 1 buffers (0.0%), wrote 0 SLRU buffers; 0 WAL file(s) added, 0 removed, 0 recycled; write=0.102 s, sync=0.005 s, total=0.123 s; sync files=1, longest=0.005 s, average=0.005 s; distance=0 kB, estimate=366 kB; lsn=0/1EC1A40, redo lsn=0/1EC19E8
2026-03-26 13:09:57.272 CET [19760] DZIENNIK:  checkpoint starting: time
2026-03-26 13:09:57.402 CET [19760] DZIENNIK:  checkpoint complete: wrote 1 buffers (0.0%), wrote 1 SLRU buffers; 0 WAL file(s) added, 0 removed, 0 recycled; write=0.101 s, sync=0.007 s, total=0.131 s; sync files=2, longest=0.004 s, average=0.004 s; distance=0 kB, estimate=330 kB; lsn=0/1EC1DC0, redo lsn=0/1EC1D68
2026-03-26 13:14:57.424 CET [19760] DZIENNIK:  checkpoint starting: time
2026-03-26 13:14:58.320 CET [19760] DZIENNIK:  checkpoint complete: wrote 8 buffers (0.0%), wrote 1 SLRU buffers; 0 WAL file(s) added, 0 removed, 0 recycled; write=0.873 s, sync=0.010 s, total=0.897 s; sync files=7, longest=0.003 s, average=0.002 s; distance=5 kB, estimate=297 kB; lsn=0/1EC3478, redo lsn=0/1EC3420
2026-03-26 14:09:32.998 CET [47124] BŇĀńĄD:  kolumna lead_statuses.is_won nie istnieje przy znaku 126
2026-03-26 14:09:32.998 CET [47124] WYRAŇĽENIE:  SELECT lead_statuses.business_id, lead_statuses.name, lead_statuses.color, lead_statuses.position, lead_statuses.is_default, lead_statuses.is_won, lead_statuses.is_lost, lead_statuses.requires_follow_up, lead_statuses.hide_from_active, lead_statuses.id 
	FROM lead_statuses 
	WHERE lead_statuses.business_id = $1::UUID ORDER BY lead_statuses.position ASC, lead_statuses.name ASC
2026-03-26 14:12:11.216 CET [49972] BŇĀńĄD:  kolumna lead_statuses.is_won nie istnieje przy znaku 126
2026-03-26 14:12:11.216 CET [49972] WYRAŇĽENIE:  SELECT lead_statuses.business_id, lead_statuses.name, lead_statuses.color, lead_statuses.position, lead_statuses.is_default, lead_statuses.is_won, lead_statuses.is_lost, lead_statuses.requires_follow_up, lead_statuses.hide_from_active, lead_statuses.id 
	FROM lead_statuses 
	WHERE lead_statuses.business_id = $1::UUID ORDER BY lead_statuses.position ASC, lead_statuses.name ASC
2026-03-26 14:14:57.425 CET [19760] DZIENNIK:  checkpoint starting: time
2026-03-26 14:14:59.989 CET [19760] DZIENNIK:  checkpoint complete: wrote 23 buffers (0.1%), wrote 1 SLRU buffers; 0 WAL file(s) added, 0 removed, 0 recycled; write=2.484 s, sync=0.063 s, total=2.565 s; sync files=22, longest=0.007 s, average=0.003 s; distance=123 kB, estimate=280 kB; lsn=0/1EE20B0, redo lsn=0/1EE2058
2026-03-26 14:24:57.043 CET [19760] DZIENNIK:  checkpoint starting: time
2026-03-26 14:24:57.172 CET [19760] DZIENNIK:  checkpoint complete: wrote 1 buffers (0.0%), wrote 0 SLRU buffers; 0 WAL file(s) added, 0 removed, 0 recycled; write=0.106 s, sync=0.005 s, total=0.129 s; sync files=1, longest=0.005 s, average=0.005 s; distance=0 kB, estimate=252 kB; lsn=0/1EE23A0, redo lsn=0/1EE2348
2026-03-26 15:24:57.923 CET [19760] DZIENNIK:  checkpoint starting: time
2026-03-26 15:25:05.589 CET [19760] DZIENNIK:  checkpoint complete: wrote 69 buffers (0.4%), wrote 1 SLRU buffers; 0 WAL file(s) added, 0 removed, 0 recycled; write=7.523 s, sync=0.108 s, total=7.668 s; sync files=50, longest=0.005 s, average=0.003 s; distance=298 kB, estimate=298 kB; lsn=0/1F2CD48, redo lsn=0/1F2CCB8
2026-03-26 15:29:57.578 CET [19760] DZIENNIK:  checkpoint starting: time
2026-03-26 15:29:58.375 CET [19760] DZIENNIK:  checkpoint complete: wrote 7 buffers (0.0%), wrote 1 SLRU buffers; 0 WAL file(s) added, 0 removed, 0 recycled; write=0.762 s, sync=0.020 s, total=0.798 s; sync files=8, longest=0.005 s, average=0.003 s; distance=3 kB, estimate=268 kB; lsn=0/1F2DD08, redo lsn=0/1F2DCB0
2026-03-26 15:39:57.365 CET [19760] DZIENNIK:  checkpoint starting: time
2026-03-26 15:39:59.602 CET [19760] DZIENNIK:  checkpoint complete: wrote 20 buffers (0.1%), wrote 1 SLRU buffers; 0 WAL file(s) added, 0 removed, 0 recycled; write=2.181 s, sync=0.041 s, total=2.238 s; sync files=19, longest=0.004 s, average=0.003 s; distance=87 kB, estimate=250 kB; lsn=0/1F43B28, redo lsn=0/1F43AD0
2026-03-26 16:04:57.583 CET [19760] DZIENNIK:  checkpoint starting: time
2026-03-26 16:05:02.943 CET [19760] DZIENNIK:  checkpoint complete: wrote 48 buffers (0.3%), wrote 1 SLRU buffers; 0 WAL file(s) added, 0 removed, 0 recycled; write=5.222 s, sync=0.119 s, total=5.361 s; sync files=41, longest=0.007 s, average=0.003 s; distance=278 kB, estimate=278 kB; lsn=0/1F896B0, redo lsn=0/1F89620
2026-03-26 16:14:57.948 CET [19760] DZIENNIK:  checkpoint starting: time
2026-03-26 16:15:06.443 CET [19760] DZIENNIK:  checkpoint complete: wrote 77 buffers (0.5%), wrote 1 SLRU buffers; 0 WAL file(s) added, 0 removed, 0 recycled; write=8.371 s, sync=0.102 s, total=8.496 s; sync files=44, longest=0.005 s, average=0.003 s; distance=460 kB, estimate=460 kB; lsn=0/1FFC998, redo lsn=0/1FFC908
2026-03-26 16:19:57.447 CET [19760] DZIENNIK:  checkpoint starting: time
2026-03-26 16:19:57.911 CET [19760] DZIENNIK:  checkpoint complete: wrote 4 buffers (0.0%), wrote 1 SLRU buffers; 0 WAL file(s) added, 0 removed, 0 recycled; write=0.435 s, sync=0.014 s, total=0.465 s; sync files=5, longest=0.004 s, average=0.003 s; distance=3 kB, estimate=414 kB; lsn=0/1FFD678, redo lsn=0/1FFD620
2026-03-26 16:44:57.925 CET [19760] DZIENNIK:  checkpoint starting: time
2026-03-26 16:44:58.384 CET [19760] DZIENNIK:  checkpoint complete: wrote 4 buffers (0.0%), wrote 1 SLRU buffers; 0 WAL file(s) added, 0 removed, 0 recycled; write=0.427 s, sync=0.013 s, total=0.459 s; sync files=5, longest=0.004 s, average=0.003 s; distance=3 kB, estimate=373 kB; lsn=0/1FFE3E0, redo lsn=0/1FFE388
2026-03-26 17:34:57.456 CET [19760] DZIENNIK:  checkpoint starting: time
2026-03-26 17:35:00.953 CET [19760] DZIENNIK:  checkpoint complete: wrote 29 buffers (0.2%), wrote 1 SLRU buffers; 0 WAL file(s) added, 0 removed, 1 recycled; write=3.396 s, sync=0.072 s, total=3.497 s; sync files=26, longest=0.007 s, average=0.003 s; distance=153 kB, estimate=351 kB; lsn=0/20249C8, redo lsn=0/2024970
2026-03-26 17:59:57.986 CET [19760] DZIENNIK:  checkpoint starting: time
2026-03-26 17:59:58.691 CET [19760] DZIENNIK:  checkpoint complete: wrote 6 buffers (0.0%), wrote 1 SLRU buffers; 0 WAL file(s) added, 0 removed, 0 recycled; write=0.674 s, sync=0.018 s, total=0.706 s; sync files=7, longest=0.006 s, average=0.003 s; distance=28 kB, estimate=319 kB; lsn=0/202BA80, redo lsn=0/202BA28
2026-03-26 18:29:57.738 CET [19760] DZIENNIK:  checkpoint starting: time
2026-03-26 18:29:57.987 CET [19760] DZIENNIK:  checkpoint complete: wrote 2 buffers (0.0%), wrote 0 SLRU buffers; 0 WAL file(s) added, 0 removed, 0 recycled; write=0.218 s, sync=0.009 s, total=0.250 s; sync files=2, longest=0.006 s, average=0.005 s; distance=4 kB, estimate=287 kB; lsn=0/202CDA8, redo lsn=0/202CD50
2026-03-26 19:29:58.260 CET [19760] DZIENNIK:  checkpoint starting: time
2026-03-26 19:29:59.023 CET [19760] DZIENNIK:  checkpoint complete: wrote 7 buffers (0.0%), wrote 1 SLRU buffers; 0 WAL file(s) added, 0 removed, 0 recycled; write=0.749 s, sync=0.008 s, total=0.763 s; sync files=8, longest=0.003 s, average=0.001 s; distance=7 kB, estimate=259 kB; lsn=0/202E9D0, redo lsn=0/202E978
2026-03-26 19:59:58.124 CET [19760] DZIENNIK:  checkpoint starting: time
2026-03-26 19:59:58.266 CET [19760] DZIENNIK:  checkpoint complete: wrote 1 buffers (0.0%), wrote 1 SLRU buffers; 0 WAL file(s) added, 0 removed, 0 recycled; write=0.123 s, sync=0.005 s, total=0.143 s; sync files=2, longest=0.005 s, average=0.003 s; distance=0 kB, estimate=233 kB; lsn=0/202EC08, redo lsn=0/202EBB0
2026-03-26 21:31:56.977 CET [19760] DZIENNIK:  checkpoint starting: time
2026-03-26 21:31:57.208 CET [19760] DZIENNIK:  checkpoint complete: wrote 2 buffers (0.0%), wrote 1 SLRU buffers; 0 WAL file(s) added, 0 removed, 0 recycled; write=0.213 s, sync=0.011 s, total=0.232 s; sync files=3, longest=0.007 s, average=0.004 s; distance=4 kB, estimate=211 kB; lsn=0/202FE70, redo lsn=0/202FE18
2026-03-26 21:36:56.219 CET [19760] DZIENNIK:  checkpoint starting: time
2026-03-26 21:36:56.331 CET [19760] DZIENNIK:  checkpoint complete: wrote 1 buffers (0.0%), wrote 1 SLRU buffers; 0 WAL file(s) added, 0 removed, 0 recycled; write=0.101 s, sync=0.004 s, total=0.113 s; sync files=2, longest=0.003 s, average=0.002 s; distance=2 kB, estimate=190 kB; lsn=0/20307D8, redo lsn=0/2030780
2026-03-26 22:46:56.440 CET [19760] DZIENNIK:  checkpoint starting: time
2026-03-26 22:46:57.104 CET [19760] DZIENNIK:  checkpoint complete: wrote 6 buffers (0.0%), wrote 1 SLRU buffers; 0 WAL file(s) added, 0 removed, 0 recycled; write=0.645 s, sync=0.012 s, total=0.665 s; sync files=7, longest=0.004 s, average=0.002 s; distance=7 kB, estimate=171 kB; lsn=0/20325B8, redo lsn=0/2032560
2026-03-26 23:13:09.540 CET [19760] DZIENNIK:  checkpoint starting: time
2026-03-26 23:13:10.322 CET [19760] DZIENNIK:  checkpoint complete: wrote 7 buffers (0.0%), wrote 1 SLRU buffers; 0 WAL file(s) added, 0 removed, 0 recycled; write=0.757 s, sync=0.017 s, total=0.782 s; sync files=8, longest=0.006 s, average=0.003 s; distance=9 kB, estimate=155 kB; lsn=0/2034CB0, redo lsn=0/2034C58
2026-03-26 23:18:09.332 CET [19760] DZIENNIK:  checkpoint starting: time
2026-03-26 23:18:09.466 CET [19760] DZIENNIK:  checkpoint complete: wrote 1 buffers (0.0%), wrote 1 SLRU buffers; 0 WAL file(s) added, 0 removed, 0 recycled; write=0.117 s, sync=0.006 s, total=0.135 s; sync files=2, longest=0.005 s, average=0.003 s; distance=2 kB, estimate=140 kB; lsn=0/2035620, redo lsn=0/20355C8
2026-03-27 14:57:25.555 CET [19760] DZIENNIK:  checkpoint starting: time
2026-03-27 14:57:25.674 CET [19760] DZIENNIK:  checkpoint complete: wrote 1 buffers (0.0%), wrote 1 SLRU buffers; 0 WAL file(s) added, 0 removed, 0 recycled; write=0.104 s, sync=0.003 s, total=0.120 s; sync files=2, longest=0.002 s, average=0.002 s; distance=4 kB, estimate=126 kB; lsn=0/2036648, redo lsn=0/20365F0
2026-03-27 23:44:54.002 CET [45264] DZIENNIK:  nie moŇľna otrzymańá danych od klienta: unrecognized winsock error 10054
2026-03-27 23:44:54.002 CET [18356] DZIENNIK:  nie moŇľna otrzymańá danych od klienta: unrecognized winsock error 10054
2026-03-27 23:44:54.002 CET [42696] DZIENNIK:  nie moŇľna otrzymańá danych od klienta: unrecognized winsock error 10054
2026-03-27 23:44:54.002 CET [43808] DZIENNIK:  nie moŇľna otrzymańá danych od klienta: unrecognized winsock error 10054
2026-03-27 23:44:54.002 CET [63136] DZIENNIK:  nie moŇľna otrzymańá danych od klienta: unrecognized winsock error 10054
2026-03-28 10:36:57.189 CET [19760] DZIENNIK:  checkpoint starting: time
2026-03-28 10:36:57.942 CET [19760] DZIENNIK:  checkpoint complete: wrote 6 buffers (0.0%), wrote 1 SLRU buffers; 0 WAL file(s) added, 0 removed, 0 recycled; write=0.700 s, sync=0.011 s, total=0.756 s; sync files=7, longest=0.004 s, average=0.002 s; distance=7 kB, estimate=114 kB; lsn=0/20385D0, redo lsn=0/2038578
2026-03-28 10:41:57.942 CET [19760] DZIENNIK:  checkpoint starting: time
2026-03-28 10:41:59.111 CET [19760] DZIENNIK:  checkpoint complete: wrote 11 buffers (0.1%), wrote 1 SLRU buffers; 0 WAL file(s) added, 0 removed, 0 recycled; write=1.151 s, sync=0.012 s, total=1.170 s; sync files=12, longest=0.004 s, average=0.001 s; distance=13 kB, estimate=104 kB; lsn=0/203BC40, redo lsn=0/203BBE8
2026-03-30 15:15:20.814 CEST [19760] DZIENNIK:  checkpoint starting: time
2026-03-30 15:15:22.156 CEST [19760] DZIENNIK:  checkpoint complete: wrote 7 buffers (0.0%), wrote 1 SLRU buffers; 0 WAL file(s) added, 0 removed, 0 recycled; write=1.241 s, sync=0.024 s, total=1.342 s; sync files=7, longest=0.008 s, average=0.004 s; distance=13 kB, estimate=95 kB; lsn=0/203F0D8, redo lsn=0/203F080
2026-03-30 15:25:20.840 CEST [19760] DZIENNIK:  checkpoint starting: time
2026-03-30 15:25:22.064 CEST [19760] DZIENNIK:  checkpoint complete: wrote 11 buffers (0.1%), wrote 1 SLRU buffers; 0 WAL file(s) added, 0 removed, 0 recycled; write=1.197 s, sync=0.011 s, total=1.225 s; sync files=12, longest=0.003 s, average=0.001 s; distance=12 kB, estimate=87 kB; lsn=0/2042408, redo lsn=0/20423B0
2026-03-30 16:38:13.072 CEST [19760] DZIENNIK:  checkpoint starting: time
2026-03-30 16:38:14.012 CEST [19760] DZIENNIK:  checkpoint complete: wrote 6 buffers (0.0%), wrote 1 SLRU buffers; 0 WAL file(s) added, 0 removed, 0 recycled; write=0.922 s, sync=0.007 s, total=0.941 s; sync files=7, longest=0.002 s, average=0.001 s; distance=8 kB, estimate=79 kB; lsn=0/20445B0, redo lsn=0/2044558
2026-03-30 16:38:17.501 CEST [62384] DZIENNIK:  nie moŇľna otrzymańá danych od klienta: unrecognized winsock error 10054
2026-03-30 16:38:17.501 CEST [46848] DZIENNIK:  nie moŇľna otrzymańá danych od klienta: unrecognized winsock error 10054
2026-03-30 16:38:17.501 CEST [31716] DZIENNIK:  nie moŇľna otrzymańá danych od klienta: unrecognized winsock error 10054
2026-03-30 16:38:17.501 CEST [19088] DZIENNIK:  nie moŇľna otrzymańá danych od klienta: unrecognized winsock error 10054
2026-03-30 16:38:17.501 CEST [59592] DZIENNIK:  nie moŇľna otrzymańá danych od klienta: unrecognized winsock error 10054
2026-03-30 18:48:13.189 CEST [19760] DZIENNIK:  checkpoint starting: time
2026-03-30 18:48:13.428 CEST [19760] DZIENNIK:  checkpoint complete: wrote 2 buffers (0.0%), wrote 1 SLRU buffers; 0 WAL file(s) added, 0 removed, 0 recycled; write=0.216 s, sync=0.009 s, total=0.240 s; sync files=3, longest=0.004 s, average=0.003 s; distance=5 kB, estimate=72 kB; lsn=0/2045D50, redo lsn=0/2045CF8
2026-03-30 18:58:13.441 CEST [19760] DZIENNIK:  checkpoint starting: time
2026-03-30 18:58:13.576 CEST [19760] DZIENNIK:  checkpoint complete: wrote 1 buffers (0.0%), wrote 1 SLRU buffers; 0 WAL file(s) added, 0 removed, 0 recycled; write=0.115 s, sync=0.004 s, total=0.136 s; sync files=2, longest=0.003 s, average=0.002 s; distance=5 kB, estimate=65 kB; lsn=0/20474E0, redo lsn=0/2047488
2026-03-30 19:03:13.591 CEST [19760] DZIENNIK:  checkpoint starting: time
2026-03-30 19:03:13.700 CEST [19760] DZIENNIK:  checkpoint complete: wrote 1 buffers (0.0%), wrote 1 SLRU buffers; 0 WAL file(s) added, 0 removed, 0 recycled; write=0.093 s, sync=0.004 s, total=0.110 s; sync files=2, longest=0.003 s, average=0.002 s; distance=1 kB, estimate=58 kB; lsn=0/2047970, redo lsn=0/2047918
2026-03-30 19:03:49.486 CEST [23416] DZIENNIK:  could not reserve shared memory region (addr=00000218A79F0000) for child 0000000000000A00: error code 487
2026-03-30 19:08:13.708 CEST [19760] DZIENNIK:  checkpoint starting: time
2026-03-30 19:08:14.277 CEST [19760] DZIENNIK:  checkpoint complete: wrote 5 buffers (0.0%), wrote 1 SLRU buffers; 0 WAL file(s) added, 0 removed, 0 recycled; write=0.543 s, sync=0.007 s, total=0.569 s; sync files=6, longest=0.003 s, average=0.002 s; distance=5 kB, estimate=53 kB; lsn=0/2049018, redo lsn=0/2048FC0
2026-03-30 19:18:13.281 CEST [19760] DZIENNIK:  checkpoint starting: time
2026-03-30 19:18:13.411 CEST [19760] DZIENNIK:  checkpoint complete: wrote 1 buffers (0.0%), wrote 1 SLRU buffers; 0 WAL file(s) added, 0 removed, 0 recycled; write=0.111 s, sync=0.005 s, total=0.130 s; sync files=2, longest=0.003 s, average=0.003 s; distance=3 kB, estimate=48 kB; lsn=0/2049C80, redo lsn=0/2049C28
2026-03-31 11:52:47.464 CEST [19760] DZIENNIK:  checkpoint starting: time
2026-03-31 11:52:48.698 CEST [19760] DZIENNIK:  checkpoint complete: wrote 11 buffers (0.1%), wrote 1 SLRU buffers; 0 WAL file(s) added, 0 removed, 0 recycled; write=1.198 s, sync=0.021 s, total=1.236 s; sync files=12, longest=0.011 s, average=0.002 s; distance=12 kB, estimate=44 kB; lsn=0/204CEA0, redo lsn=0/204CE48
2026-03-31 11:57:47.711 CEST [19760] DZIENNIK:  checkpoint starting: time
2026-03-31 11:57:49.033 CEST [19760] DZIENNIK:  checkpoint complete: wrote 12 buffers (0.1%), wrote 1 SLRU buffers; 0 WAL file(s) added, 0 removed, 0 recycled; write=1.297 s, sync=0.011 s, total=1.323 s; sync files=13, longest=0.003 s, average=0.001 s; distance=20 kB, estimate=42 kB; lsn=0/2052018, redo lsn=0/2051FA8
2026-03-31 12:02:47.051 CEST [19760] DZIENNIK:  checkpoint starting: time
2026-03-31 12:02:48.377 CEST [19760] DZIENNIK:  checkpoint complete: wrote 12 buffers (0.1%), wrote 1 SLRU buffers; 0 WAL file(s) added, 0 removed, 0 recycled; write=1.298 s, sync=0.016 s, total=1.327 s; sync files=13, longest=0.003 s, average=0.002 s; distance=19 kB, estimate=40 kB; lsn=0/2056F40, redo lsn=0/2056EB0
2026-03-31 12:07:47.386 CEST [19760] DZIENNIK:  checkpoint starting: time
2026-03-31 12:07:47.507 CEST [19760] DZIENNIK:  checkpoint complete: wrote 1 buffers (0.0%), wrote 1 SLRU buffers; 0 WAL file(s) added, 0 removed, 0 recycled; write=0.106 s, sync=0.004 s, total=0.121 s; sync files=2, longest=0.003 s, average=0.002 s; distance=4 kB, estimate=36 kB; lsn=0/2057FB0, redo lsn=0/2057F58
2026-03-31 12:12:47.517 CEST [19760] DZIENNIK:  checkpoint starting: time
2026-03-31 12:12:48.314 CEST [19760] DZIENNIK:  checkpoint complete: wrote 7 buffers (0.0%), wrote 1 SLRU buffers; 0 WAL file(s) added, 0 removed, 0 recycled; write=0.763 s, sync=0.017 s, total=0.797 s; sync files=8, longest=0.009 s, average=0.003 s; distance=15 kB, estimate=34 kB; lsn=0/205BEC8, redo lsn=0/205BE70
2026-03-31 13:11:27.707 CEST [50292] BŇĀńĄD:  kolumna businesses.notification_settings nie istnieje przy znaku 213
2026-03-31 13:11:27.707 CEST [50292] WYRAŇĽENIE:  SELECT businesses.owner_user_id, businesses.name, businesses.business_mode, businesses.sheet_id, businesses.sheet_verified, businesses.sheet_tab_name, businesses.sheet_column_mapping, businesses.enabled_modules, businesses.notification_settings, businesses.sheet_last_synced_at, businesses.id, businesses.created_at 
	FROM businesses JOIN business_members ON business_members.business_id = businesses.id 
	WHERE businesses.id = $1::UUID AND business_members.user_id = $2::UUID
2026-03-31 13:11:31.896 CEST [60356] BŇĀńĄD:  kolumna businesses.notification_settings nie istnieje przy znaku 213
2026-03-31 13:11:31.896 CEST [60356] WYRAŇĽENIE:  SELECT businesses.owner_user_id, businesses.name, businesses.business_mode, businesses.sheet_id, businesses.sheet_verified, businesses.sheet_tab_name, businesses.sheet_column_mapping, businesses.enabled_modules, businesses.notification_settings, businesses.sheet_last_synced_at, businesses.id, businesses.created_at 
	FROM businesses JOIN business_members ON business_members.business_id = businesses.id 
	WHERE businesses.id = $1::UUID AND business_members.user_id = $2::UUID
2026-03-31 13:11:33.232 CEST [49268] BŇĀńĄD:  kolumna businesses.notification_settings nie istnieje przy znaku 213
2026-03-31 13:11:33.232 CEST [49268] WYRAŇĽENIE:  SELECT businesses.owner_user_id, businesses.name, businesses.business_mode, businesses.sheet_id, businesses.sheet_verified, businesses.sheet_tab_name, businesses.sheet_column_mapping, businesses.enabled_modules, businesses.notification_settings, businesses.sheet_last_synced_at, businesses.id, businesses.created_at 
	FROM businesses JOIN business_members ON business_members.business_id = businesses.id 
	WHERE businesses.id = $1::UUID AND business_members.user_id = $2::UUID
2026-03-31 13:11:34.370 CEST [1504] BŇĀńĄD:  kolumna businesses.notification_settings nie istnieje przy znaku 213
2026-03-31 13:11:34.370 CEST [1504] WYRAŇĽENIE:  SELECT businesses.owner_user_id, businesses.name, businesses.business_mode, businesses.sheet_id, businesses.sheet_verified, businesses.sheet_tab_name, businesses.sheet_column_mapping, businesses.enabled_modules, businesses.notification_settings, businesses.sheet_last_synced_at, businesses.id, businesses.created_at 
	FROM businesses JOIN business_members ON business_members.business_id = businesses.id 
	WHERE businesses.id = $1::UUID AND business_members.user_id = $2::UUID
2026-03-31 13:11:34.475 CEST [50292] BŇĀńĄD:  kolumna businesses.notification_settings nie istnieje przy znaku 213
2026-03-31 13:11:34.475 CEST [50292] WYRAŇĽENIE:  SELECT businesses.owner_user_id, businesses.name, businesses.business_mode, businesses.sheet_id, businesses.sheet_verified, businesses.sheet_tab_name, businesses.sheet_column_mapping, businesses.enabled_modules, businesses.notification_settings, businesses.sheet_last_synced_at, businesses.id, businesses.created_at 
	FROM businesses JOIN business_members ON business_members.business_id = businesses.id 
	WHERE businesses.id = $1::UUID AND business_members.user_id = $2::UUID
2026-03-31 13:11:35.556 CEST [4072] BŇĀńĄD:  kolumna businesses.notification_settings nie istnieje przy znaku 213
2026-03-31 13:11:35.556 CEST [4072] WYRAŇĽENIE:  SELECT businesses.owner_user_id, businesses.name, businesses.business_mode, businesses.sheet_id, businesses.sheet_verified, businesses.sheet_tab_name, businesses.sheet_column_mapping, businesses.enabled_modules, businesses.notification_settings, businesses.sheet_last_synced_at, businesses.id, businesses.created_at 
	FROM businesses JOIN business_members ON business_members.business_id = businesses.id 
	WHERE businesses.id = $1::UUID AND business_members.user_id = $2::UUID
2026-03-31 13:11:36.791 CEST [1504] BŇĀńĄD:  kolumna businesses.notification_settings nie istnieje przy znaku 213
2026-03-31 13:11:36.791 CEST [1504] WYRAŇĽENIE:  SELECT businesses.owner_user_id, businesses.name, businesses.business_mode, businesses.sheet_id, businesses.sheet_verified, businesses.sheet_tab_name, businesses.sheet_column_mapping, businesses.enabled_modules, businesses.notification_settings, businesses.sheet_last_synced_at, businesses.id, businesses.created_at 
	FROM businesses JOIN business_members ON business_members.business_id = businesses.id 
	WHERE businesses.id = $1::UUID AND business_members.user_id = $2::UUID
2026-03-31 13:11:39.579 CEST [50292] BŇĀńĄD:  kolumna businesses.notification_settings nie istnieje przy znaku 213
2026-03-31 13:11:39.579 CEST [50292] WYRAŇĽENIE:  SELECT businesses.owner_user_id, businesses.name, businesses.business_mode, businesses.sheet_id, businesses.sheet_verified, businesses.sheet_tab_name, businesses.sheet_column_mapping, businesses.enabled_modules, businesses.notification_settings, businesses.sheet_last_synced_at, businesses.id, businesses.created_at 
	FROM businesses JOIN business_members ON business_members.business_id = businesses.id 
	WHERE businesses.id = $1::UUID AND business_members.user_id = $2::UUID
2026-03-31 13:11:40.825 CEST [49268] BŇĀńĄD:  kolumna businesses.notification_settings nie istnieje przy znaku 213
2026-03-31 13:11:40.825 CEST [49268] WYRAŇĽENIE:  SELECT businesses.owner_user_id, businesses.name, businesses.business_mode, businesses.sheet_id, businesses.sheet_verified, businesses.sheet_tab_name, businesses.sheet_column_mapping, businesses.enabled_modules, businesses.notification_settings, businesses.sheet_last_synced_at, businesses.id, businesses.created_at 
	FROM businesses JOIN business_members ON business_members.business_id = businesses.id 
	WHERE businesses.id = $1::UUID AND business_members.user_id = $2::UUID
2026-03-31 13:18:43.230 CEST [19760] DZIENNIK:  checkpoint starting: time
2026-03-31 13:18:50.343 CEST [19760] DZIENNIK:  checkpoint complete: wrote 65 buffers (0.4%), wrote 1 SLRU buffers; 0 WAL file(s) added, 0 removed, 0 recycled; write=7.066 s, sync=0.035 s, total=7.113 s; sync files=46, longest=0.004 s, average=0.001 s; distance=380 kB, estimate=380 kB; lsn=0/20BB120, redo lsn=0/20BB090
2026-03-31 13:23:43.348 CEST [19760] DZIENNIK:  checkpoint starting: time
2026-03-31 13:23:44.021 CEST [19760] DZIENNIK:  checkpoint complete: wrote 6 buffers (0.0%), wrote 0 SLRU buffers; 0 WAL file(s) added, 0 removed, 0 recycled; write=0.656 s, sync=0.005 s, total=0.674 s; sync files=4, longest=0.003 s, average=0.002 s; distance=22 kB, estimate=344 kB; lsn=0/20C08F0, redo lsn=0/20C0898
2026-03-31 13:28:43.022 CEST [19760] DZIENNIK:  checkpoint starting: time
2026-03-31 13:28:45.164 CEST [19760] DZIENNIK:  checkpoint complete: wrote 20 buffers (0.1%), wrote 1 SLRU buffers; 0 WAL file(s) added, 0 removed, 0 recycled; write=2.116 s, sync=0.015 s, total=2.142 s; sync files=20, longest=0.003 s, average=0.001 s; distance=97 kB, estimate=319 kB; lsn=0/20D9058, redo lsn=0/20D9000
2026-03-31 13:33:43.168 CEST [19760] DZIENNIK:  checkpoint starting: time
2026-03-31 13:33:43.624 CEST [19760] DZIENNIK:  checkpoint complete: wrote 4 buffers (0.0%), wrote 0 SLRU buffers; 0 WAL file(s) added, 0 removed, 0 recycled; write=0.438 s, sync=0.005 s, total=0.456 s; sync files=4, longest=0.003 s, average=0.002 s; distance=17 kB, estimate=289 kB; lsn=0/20DD618, redo lsn=0/20DD5C0
